\BOOKMARK [0][-]{Doc-Start}{\376\377\000D\000e\000c\000l\000a\000r\000a\000t\000i\000o\000n\000\040\000o\000f\000\040\000A\000u\000t\000h\000o\000r\000s\000h\000i\000p}{}% 1
\BOOKMARK [0][-]{Doc-Start}{\376\377\000A\000b\000s\000t\000r\000a\000c\000t}{}% 2
\BOOKMARK [0][-]{Doc-Start}{\376\377\000A\000c\000k\000n\000o\000w\000l\000e\000d\000g\000e\000m\000e\000n\000t\000s}{}% 3
\BOOKMARK [0][-]{chapter.6}{\376\377\000T\000h\000e\000\040\000P\000r\000o\000b\000a\000b\000i\000l\000i\000s\000t\000i\000c\000\040\000g\000r\000o\000u\000p\000\040\000t\000e\000s\000t\000i\000n\000g\000\040\000p\000r\000o\000b\000l\000e\000m}{}% 4
\BOOKMARK [1][-]{subsection.7}{\376\377\000G\000r\000o\000u\000p\000\040\000t\000e\000s\000t\000i\000n\000g\000\040\000c\000a\000p\000a\000c\000i\000t\000y}{chapter.6}% 5
\BOOKMARK [2][-]{subsection.15}{\376\377\000M\000a\000i\000n\000\040\000r\000e\000s\000u\000l\000t\000s}{subsection.7}% 6
\BOOKMARK [1][-]{section.19}{\376\377\000A\000l\000g\000o\000r\000i\000t\000h\000m\000s\000\040\000a\000n\000d\000\040\000e\000x\000i\000s\000t\000i\000n\000g\000\040\000r\000e\000s\000u\000l\000t\000s}{chapter.6}% 7
\BOOKMARK [2][-]{subsection.20}{\376\377\000U\000p\000p\000e\000r\000\040\000b\000o\000u\000n\000d\000s\000\040\000o\000n\000\040\000s\000u\000c\000c\000e\000s\000s\000\040\000p\000r\000o\000b\000a\000b\000i\000l\000i\000t\000y}{section.19}% 8
\BOOKMARK [2][-]{subsection.23}{\376\377\000B\000i\000n\000a\000r\000y\000\040\000s\000e\000a\000r\000c\000h\000\040\000a\000l\000g\000o\000r\000i\000t\000h\000m\000s}{section.19}% 9
\BOOKMARK [2][-]{subsection.25}{\376\377\000S\000u\000m\000m\000a\000r\000y\000\040\000o\000f\000\040\000o\000u\000r\000\040\000c\000o\000n\000t\000r\000i\000b\000u\000t\000i\000o\000n}{section.19}% 10
\BOOKMARK [2][-]{subsection.33}{\376\377\000W\000i\000d\000e\000r\000\040\000c\000o\000n\000t\000e\000x\000t\000:\000\040\000s\000p\000a\000r\000s\000e\000\040\000i\000n\000f\000e\000r\000e\000n\000c\000e\000\040\000p\000r\000o\000b\000l\000e\000m\000s}{section.19}% 11
\BOOKMARK [1][-]{section.34}{\376\377\000A\000n\000a\000l\000y\000s\000i\000s\000\040\000a\000n\000d\000\040\000n\000e\000w\000\040\000b\000o\000u\000n\000d\000s}{chapter.6}% 12
\BOOKMARK [2][-]{subsection.35}{\376\377\000S\000e\000a\000r\000c\000h\000i\000n\000g\000\040\000a\000\040\000s\000e\000t\000\040\000o\000f\000\040\000b\000o\000u\000n\000d\000e\000d\000\040\000r\000a\000t\000i\000o}{section.34}% 13
\BOOKMARK [2][-]{subsection.46}{\376\377\000D\000i\000s\000c\000a\000r\000d\000i\000n\000g\000\040\000l\000o\000w\000\040\000p\000r\000o\000b\000a\000b\000i\000l\000i\000t\000y\000\040\000i\000t\000e\000m\000s}{section.34}% 14
\BOOKMARK [2][-]{subsection.50}{\376\377\000S\000e\000a\000r\000c\000h\000i\000n\000g\000\040\000t\000h\000e\000\040\000e\000n\000t\000i\000r\000e\000\040\000s\000e\000t}{section.34}% 15
\BOOKMARK [2][-]{subsection.60}{\376\377\000B\000o\000u\000n\000d\000i\000n\000g\000\040\000t\000h\000e\000\040\000e\000x\000p\000e\000c\000t\000e\000d\000\040\000n\000u\000m\000b\000e\000r\000\040\000o\000f\000\040\000t\000e\000s\000t\000s}{section.34}% 16
\BOOKMARK [2][-]{subsection.65}{\376\377\000C\000o\000n\000t\000r\000o\000l\000l\000i\000n\000g\000\040\000t\000h\000e\000\040\000e\000r\000r\000o\000r\000\040\000p\000r\000o\000b\000a\000b\000i\000l\000i\000t\000i\000e\000s}{section.34}% 17
\BOOKMARK [1][-]{section.75}{\376\377\000R\000e\000s\000u\000l\000t\000s}{chapter.6}% 18
\BOOKMARK [1][-]{section.79}{\376\377\000D\000i\000s\000c\000u\000s\000s\000i\000o\000n}{chapter.6}% 19
\BOOKMARK [0][-]{chapter.82}{\376\377\000C\000o\000n\000s\000t\000r\000a\000i\000n\000e\000d\000\040\000O\000p\000t\000i\000m\000i\000s\000a\000t\000i\000o\000n\000\040\000o\000n\000\040\000G\000r\000a\000p\000h\000s}{}% 20
\BOOKMARK [1][-]{section.83}{\376\377\000I\000n\000t\000r\000o\000d\000u\000c\000t\000i\000o\000n}{chapter.82}% 21
\BOOKMARK [1][-]{section.84}{\376\377\000A\000D\000M\000M}{chapter.82}% 22
\BOOKMARK [2][-]{subsection.108}{\376\377\000T\000h\000e\000\040\000P\000r\000o\000x\000i\000m\000i\000t\000y\000\040\000O\000p\000e\000r\000a\000t\000o\000r}{section.84}% 23
\BOOKMARK [3][-]{section*.113}{\376\377\000P\000r\000o\000p\000e\000r\000t\000i\000e\000s}{subsection.108}% 24
\BOOKMARK [3][-]{section*.119}{\376\377\000M\000o\000t\000i\000v\000a\000t\000i\000o\000n}{subsection.108}% 25
\BOOKMARK [3][-]{section*.134}{\376\377\000E\000x\000a\000m\000p\000l\000e\000s}{subsection.108}% 26
\BOOKMARK [2][-]{subsection.158}{\376\377\000S\000t\000a\000t\000i\000s\000t\000i\000c\000a\000l\000\040\000I\000n\000t\000e\000r\000p\000r\000e\000t\000a\000t\000i\000o\000n}{section.84}% 27
\BOOKMARK [2][-]{subsection.159}{\376\377\000A\000c\000c\000e\000l\000e\000r\000a\000t\000i\000o\000n}{section.84}% 28
\BOOKMARK [1][-]{section.160}{\376\377\000C\000o\000n\000s\000t\000r\000a\000i\000n\000e\000d\000\040\000O\000p\000t\000i\000m\000i\000s\000a\000t\000i\000o\000n\000\040\000o\000n\000\040\000G\000r\000a\000p\000h\000s}{chapter.82}% 29
\BOOKMARK [0][-]{chapter.183}{\376\377\000C\000o\000m\000p\000r\000e\000s\000s\000i\000v\000e\000\040\000S\000e\000n\000s\000i\000n\000g\000\040\000A\000r\000c\000h\000i\000t\000e\000c\000h\000t\000u\000r\000e\000s}{}% 30
\BOOKMARK [1][-]{subsection.184}{\376\377\000M\000o\000d\000u\000l\000a\000t\000e\000d\000\040\000W\000i\000d\000e\000b\000a\000n\000d\000\040\000C\000o\000n\000v\000e\000r\000t\000e\000r}{chapter.183}% 31
\BOOKMARK [2][-]{subsection.192}{\376\377\000R\000a\000n\000d\000o\000m\000\040\000D\000e\000m\000o\000d\000u\000l\000a\000t\000o\000r}{subsection.184}% 32
\BOOKMARK [1][-]{section.198}{\376\377\000J\000o\000i\000n\000t\000\040\000S\000p\000a\000c\000e\000-\000F\000r\000e\000q\000u\000e\000n\000c\000y\000\040\000M\000o\000d\000e\000l}{chapter.183}% 33
\BOOKMARK [1][-]{section.207}{\376\377\000R\000e\000s\000u\000l\000t\000s}{chapter.183}% 34
\BOOKMARK [1][-]{section.221}{\376\377\000C\000o\000n\000c\000l\000u\000s\000i\000o\000n\000s}{chapter.183}% 35
\BOOKMARK [0][-]{chapter.222}{\376\377\000R\000e\000c\000t\000a\000n\000g\000u\000l\000a\000r\000\040\000b\000a\000s\000i\000s}{}% 36
\BOOKMARK [1][-]{section.223}{\376\377\000P\000r\000e\000l\000i\000m\000i\000n\000a\000r\000i\000e\000s}{chapter.222}% 37
\BOOKMARK [1][-]{section.238}{\376\377\000S\000p\000e\000c\000t\000r\000u\000m\000\040\000S\000e\000n\000s\000i\000n\000g}{chapter.222}% 38
\BOOKMARK [1][-]{section.261}{\376\377\000R\000e\000s\000u\000l\000t\000s}{chapter.222}% 39
\BOOKMARK [0][-]{appendix.269}{\376\377\000A\000p\000p\000e\000n\000d\000i\000x\000\040\000T\000i\000t\000l\000e\000\040\000H\000e\000r\000e}{}% 40
