This is pdfTeX, Version 3.1415926-2.5-1.40.14 (TeX Live 2013/Debian) (format=pdflatex 2015.10.14)  27 APR 2016 18:17
entering extended mode
 restricted \write18 enabled.
 %&-line parsing enabled.
**main.tex
(./main.tex
LaTeX2e <2011/06/27>
Babel <3.9h> and hyphenation patterns for 78 languages loaded.
(/usr/share/texlive/texmf-dist/tex/latex/base/book.cls
Document Class: book 2007/10/19 v1.4h Standard LaTeX document class
(/usr/share/texlive/texmf-dist/tex/latex/base/bk12.clo
File: bk12.clo 2007/10/19 v1.4h Standard LaTeX file (size option)
)
\c@part=\count79
\c@chapter=\count80
\c@section=\count81
\c@subsection=\count82
\c@subsubsection=\count83
\c@paragraph=\count84
\c@subparagraph=\count85
\c@figure=\count86
\c@table=\count87
\abovecaptionskip=\skip41
\belowcaptionskip=\skip42
\bibindent=\dimen102
)
(/usr/share/texlive/texmf-dist/tex/latex/graphics/graphicx.sty
Package: graphicx 1999/02/16 v1.0f Enhanced LaTeX Graphics (DPC,SPQR)

(/usr/share/texlive/texmf-dist/tex/latex/graphics/keyval.sty
Package: keyval 1999/03/16 v1.13 key=value parser (DPC)
\KV@toks@=\toks14
)
(/usr/share/texlive/texmf-dist/tex/latex/graphics/graphics.sty
Package: graphics 2009/02/05 v1.0o Standard LaTeX Graphics (DPC,SPQR)

(/usr/share/texlive/texmf-dist/tex/latex/graphics/trig.sty
Package: trig 1999/03/16 v1.09 sin cos tan (DPC)
)
(/etc/texmf/tex/latex/config/graphics.cfg
File: graphics.cfg 2009/08/28 v1.8 graphics configuration of TeX Live
)
Package graphics Info: Driver file: pdftex.def on input line 91.

(/usr/share/texlive/texmf-dist/tex/latex/pdftex-def/pdftex.def
File: pdftex.def 2011/05/27 v0.06d Graphics/color for pdfTeX

(/usr/share/texlive/texmf-dist/tex/generic/oberdiek/infwarerr.sty
Package: infwarerr 2010/04/08 v1.3 Providing info/warning/error messages (HO)
)
(/usr/share/texlive/texmf-dist/tex/generic/oberdiek/ltxcmds.sty
Package: ltxcmds 2011/11/09 v1.22 LaTeX kernel commands for general use (HO)
)
\Gread@gobject=\count88
))
\Gin@req@height=\dimen103
\Gin@req@width=\dimen104
)
(/usr/share/texlive/texmf-dist/tex/latex/geometry/geometry.sty
Package: geometry 2010/09/12 v5.6 Page Geometry

(/usr/share/texlive/texmf-dist/tex/generic/oberdiek/ifpdf.sty
Package: ifpdf 2011/01/30 v2.3 Provides the ifpdf switch (HO)
Package ifpdf Info: pdfTeX in PDF mode is detected.
)
(/usr/share/texlive/texmf-dist/tex/generic/oberdiek/ifvtex.sty
Package: ifvtex 2010/03/01 v1.5 Detect VTeX and its facilities (HO)
Package ifvtex Info: VTeX not detected.
)
(/usr/share/texlive/texmf-dist/tex/generic/ifxetex/ifxetex.sty
Package: ifxetex 2010/09/12 v0.6 Provides ifxetex conditional
)
\Gm@cnth=\count89
\Gm@cntv=\count90
\c@Gm@tempcnt=\count91
\Gm@bindingoffset=\dimen105
\Gm@wd@mp=\dimen106
\Gm@odd@mp=\dimen107
\Gm@even@mp=\dimen108
\Gm@layoutwidth=\dimen109
\Gm@layoutheight=\dimen110
\Gm@layouthoffset=\dimen111
\Gm@layoutvoffset=\dimen112
\Gm@dimlist=\toks15
) (./macros.tex
(/usr/share/texlive/texmf-dist/tex/latex/doublestroke/dsfont.sty
Package: dsfont 1995/08/01 v0.1 Double stroke roman fonts
)
(/usr/share/texlive/texmf-dist/tex/latex/wrapfig/wrapfig.sty
\wrapoverhang=\dimen113
\WF@size=\dimen114
\c@WF@wrappedlines=\count92
\WF@box=\box26
\WF@everypar=\toks16
Package: wrapfig 2003/01/31  v 3.6
)
(/usr/share/texlive/texmf-dist/tex/latex/amsfonts/amsfonts.sty
Package: amsfonts 2013/01/14 v3.01 Basic AMSFonts support
\@emptytoks=\toks17
\symAMSa=\mathgroup4
\symAMSb=\mathgroup5
LaTeX Font Info:    Overwriting math alphabet `\mathfrak' in version `bold'
(Font)                  U/euf/m/n --> U/euf/b/n on input line 106.
)
(/usr/share/texlive/texmf-dist/tex/latex/amsfonts/amssymb.sty
Package: amssymb 2013/01/14 v3.01 AMS font symbols
)
(/usr/share/texlive/texmf-dist/tex/latex/amsmath/amsmath.sty
Package: amsmath 2013/01/14 v2.14 AMS math features
\@mathmargin=\skip43

For additional information on amsmath, use the `?' option.
(/usr/share/texlive/texmf-dist/tex/latex/amsmath/amstext.sty
Package: amstext 2000/06/29 v2.01

(/usr/share/texlive/texmf-dist/tex/latex/amsmath/amsgen.sty
File: amsgen.sty 1999/11/30 v2.0
\@emptytoks=\toks18
\ex@=\dimen115
))
(/usr/share/texlive/texmf-dist/tex/latex/amsmath/amsbsy.sty
Package: amsbsy 1999/11/29 v1.2d
\pmbraise@=\dimen116
)
(/usr/share/texlive/texmf-dist/tex/latex/amsmath/amsopn.sty
Package: amsopn 1999/12/14 v2.01 operator names
)
\inf@bad=\count93
LaTeX Info: Redefining \frac on input line 210.
\uproot@=\count94
\leftroot@=\count95
LaTeX Info: Redefining \overline on input line 306.
\classnum@=\count96
\DOTSCASE@=\count97
LaTeX Info: Redefining \ldots on input line 378.
LaTeX Info: Redefining \dots on input line 381.
LaTeX Info: Redefining \cdots on input line 466.
\Mathstrutbox@=\box27
\strutbox@=\box28
\big@size=\dimen117
LaTeX Font Info:    Redeclaring font encoding OML on input line 566.
LaTeX Font Info:    Redeclaring font encoding OMS on input line 567.
\macc@depth=\count98
\c@MaxMatrixCols=\count99
\dotsspace@=\muskip10
\c@parentequation=\count100
\dspbrk@lvl=\count101
\tag@help=\toks19
\row@=\count102
\column@=\count103
\maxfields@=\count104
\andhelp@=\toks20
\eqnshift@=\dimen118
\alignsep@=\dimen119
\tagshift@=\dimen120
\tagwidth@=\dimen121
\totwidth@=\dimen122
\lineht@=\dimen123
\@envbody=\toks21
\multlinegap=\skip44
\multlinetaggap=\skip45
\mathdisplay@stack=\toks22
LaTeX Info: Redefining \[ on input line 2665.
LaTeX Info: Redefining \] on input line 2666.
)
(/usr/share/texlive/texmf-dist/tex/latex/bbm-macros/bbm.sty
Package: bbm 1999/03/15 V 1.2 provides fonts for set symbols - TH
LaTeX Font Info:    Overwriting math alphabet `\mathbbm' in version `bold'
(Font)                  U/bbm/m/n --> U/bbm/bx/n on input line 33.
LaTeX Font Info:    Overwriting math alphabet `\mathbbmss' in version `bold'
(Font)                  U/bbmss/m/n --> U/bbmss/bx/n on input line 35.
)
(/usr/share/texlive/texmf-dist/tex/latex/base/inputenc.sty
Package: inputenc 2008/03/30 v1.1d Input encoding file
\inpenc@prehook=\toks23
\inpenc@posthook=\toks24

(/usr/share/texlive/texmf-dist/tex/latex/base/utf8.def
File: utf8.def 2008/04/05 v1.1m UTF-8 support for inputenc
Now handling font encoding OML ...
... no UTF-8 mapping file for font encoding OML
Now handling font encoding T1 ...
... processing UTF-8 mapping file for font encoding T1

(/usr/share/texlive/texmf-dist/tex/latex/base/t1enc.dfu
File: t1enc.dfu 2008/04/05 v1.1m UTF-8 support for inputenc
   defining Unicode char U+00A1 (decimal 161)
   defining Unicode char U+00A3 (decimal 163)
   defining Unicode char U+00AB (decimal 171)
   defining Unicode char U+00BB (decimal 187)
   defining Unicode char U+00BF (decimal 191)
   defining Unicode char U+00C0 (decimal 192)
   defining Unicode char U+00C1 (decimal 193)
   defining Unicode char U+00C2 (decimal 194)
   defining Unicode char U+00C3 (decimal 195)
   defining Unicode char U+00C4 (decimal 196)
   defining Unicode char U+00C5 (decimal 197)
   defining Unicode char U+00C6 (decimal 198)
   defining Unicode char U+00C7 (decimal 199)
   defining Unicode char U+00C8 (decimal 200)
   defining Unicode char U+00C9 (decimal 201)
   defining Unicode char U+00CA (decimal 202)
   defining Unicode char U+00CB (decimal 203)
   defining Unicode char U+00CC (decimal 204)
   defining Unicode char U+00CD (decimal 205)
   defining Unicode char U+00CE (decimal 206)
   defining Unicode char U+00CF (decimal 207)
   defining Unicode char U+00D0 (decimal 208)
   defining Unicode char U+00D1 (decimal 209)
   defining Unicode char U+00D2 (decimal 210)
   defining Unicode char U+00D3 (decimal 211)
   defining Unicode char U+00D4 (decimal 212)
   defining Unicode char U+00D5 (decimal 213)
   defining Unicode char U+00D6 (decimal 214)
   defining Unicode char U+00D8 (decimal 216)
   defining Unicode char U+00D9 (decimal 217)
   defining Unicode char U+00DA (decimal 218)
   defining Unicode char U+00DB (decimal 219)
   defining Unicode char U+00DC (decimal 220)
   defining Unicode char U+00DD (decimal 221)
   defining Unicode char U+00DE (decimal 222)
   defining Unicode char U+00DF (decimal 223)
   defining Unicode char U+00E0 (decimal 224)
   defining Unicode char U+00E1 (decimal 225)
   defining Unicode char U+00E2 (decimal 226)
   defining Unicode char U+00E3 (decimal 227)
   defining Unicode char U+00E4 (decimal 228)
   defining Unicode char U+00E5 (decimal 229)
   defining Unicode char U+00E6 (decimal 230)
   defining Unicode char U+00E7 (decimal 231)
   defining Unicode char U+00E8 (decimal 232)
   defining Unicode char U+00E9 (decimal 233)
   defining Unicode char U+00EA (decimal 234)
   defining Unicode char U+00EB (decimal 235)
   defining Unicode char U+00EC (decimal 236)
   defining Unicode char U+00ED (decimal 237)
   defining Unicode char U+00EE (decimal 238)
   defining Unicode char U+00EF (decimal 239)
   defining Unicode char U+00F0 (decimal 240)
   defining Unicode char U+00F1 (decimal 241)
   defining Unicode char U+00F2 (decimal 242)
   defining Unicode char U+00F3 (decimal 243)
   defining Unicode char U+00F4 (decimal 244)
   defining Unicode char U+00F5 (decimal 245)
   defining Unicode char U+00F6 (decimal 246)
   defining Unicode char U+00F8 (decimal 248)
   defining Unicode char U+00F9 (decimal 249)
   defining Unicode char U+00FA (decimal 250)
   defining Unicode char U+00FB (decimal 251)
   defining Unicode char U+00FC (decimal 252)
   defining Unicode char U+00FD (decimal 253)
   defining Unicode char U+00FE (decimal 254)
   defining Unicode char U+00FF (decimal 255)
   defining Unicode char U+0102 (decimal 258)
   defining Unicode char U+0103 (decimal 259)
   defining Unicode char U+0104 (decimal 260)
   defining Unicode char U+0105 (decimal 261)
   defining Unicode char U+0106 (decimal 262)
   defining Unicode char U+0107 (decimal 263)
   defining Unicode char U+010C (decimal 268)
   defining Unicode char U+010D (decimal 269)
   defining Unicode char U+010E (decimal 270)
   defining Unicode char U+010F (decimal 271)
   defining Unicode char U+0110 (decimal 272)
   defining Unicode char U+0111 (decimal 273)
   defining Unicode char U+0118 (decimal 280)
   defining Unicode char U+0119 (decimal 281)
   defining Unicode char U+011A (decimal 282)
   defining Unicode char U+011B (decimal 283)
   defining Unicode char U+011E (decimal 286)
   defining Unicode char U+011F (decimal 287)
   defining Unicode char U+0130 (decimal 304)
   defining Unicode char U+0131 (decimal 305)
   defining Unicode char U+0132 (decimal 306)
   defining Unicode char U+0133 (decimal 307)
   defining Unicode char U+0139 (decimal 313)
   defining Unicode char U+013A (decimal 314)
   defining Unicode char U+013D (decimal 317)
   defining Unicode char U+013E (decimal 318)
   defining Unicode char U+0141 (decimal 321)
   defining Unicode char U+0142 (decimal 322)
   defining Unicode char U+0143 (decimal 323)
   defining Unicode char U+0144 (decimal 324)
   defining Unicode char U+0147 (decimal 327)
   defining Unicode char U+0148 (decimal 328)
   defining Unicode char U+014A (decimal 330)
   defining Unicode char U+014B (decimal 331)
   defining Unicode char U+0150 (decimal 336)
   defining Unicode char U+0151 (decimal 337)
   defining Unicode char U+0152 (decimal 338)
   defining Unicode char U+0153 (decimal 339)
   defining Unicode char U+0154 (decimal 340)
   defining Unicode char U+0155 (decimal 341)
   defining Unicode char U+0158 (decimal 344)
   defining Unicode char U+0159 (decimal 345)
   defining Unicode char U+015A (decimal 346)
   defining Unicode char U+015B (decimal 347)
   defining Unicode char U+015E (decimal 350)
   defining Unicode char U+015F (decimal 351)
   defining Unicode char U+0160 (decimal 352)
   defining Unicode char U+0161 (decimal 353)
   defining Unicode char U+0162 (decimal 354)
   defining Unicode char U+0163 (decimal 355)
   defining Unicode char U+0164 (decimal 356)
   defining Unicode char U+0165 (decimal 357)
   defining Unicode char U+016E (decimal 366)
   defining Unicode char U+016F (decimal 367)
   defining Unicode char U+0170 (decimal 368)
   defining Unicode char U+0171 (decimal 369)
   defining Unicode char U+0178 (decimal 376)
   defining Unicode char U+0179 (decimal 377)
   defining Unicode char U+017A (decimal 378)
   defining Unicode char U+017B (decimal 379)
   defining Unicode char U+017C (decimal 380)
   defining Unicode char U+017D (decimal 381)
   defining Unicode char U+017E (decimal 382)
   defining Unicode char U+200C (decimal 8204)
   defining Unicode char U+2013 (decimal 8211)
   defining Unicode char U+2014 (decimal 8212)
   defining Unicode char U+2018 (decimal 8216)
   defining Unicode char U+2019 (decimal 8217)
   defining Unicode char U+201A (decimal 8218)
   defining Unicode char U+201C (decimal 8220)
   defining Unicode char U+201D (decimal 8221)
   defining Unicode char U+201E (decimal 8222)
   defining Unicode char U+2030 (decimal 8240)
   defining Unicode char U+2031 (decimal 8241)
   defining Unicode char U+2039 (decimal 8249)
   defining Unicode char U+203A (decimal 8250)
   defining Unicode char U+2423 (decimal 9251)
)
Now handling font encoding OT1 ...
... processing UTF-8 mapping file for font encoding OT1

(/usr/share/texlive/texmf-dist/tex/latex/base/ot1enc.dfu
File: ot1enc.dfu 2008/04/05 v1.1m UTF-8 support for inputenc
   defining Unicode char U+00A1 (decimal 161)
   defining Unicode char U+00A3 (decimal 163)
   defining Unicode char U+00B8 (decimal 184)
   defining Unicode char U+00BF (decimal 191)
   defining Unicode char U+00C5 (decimal 197)
   defining Unicode char U+00C6 (decimal 198)
   defining Unicode char U+00D8 (decimal 216)
   defining Unicode char U+00DF (decimal 223)
   defining Unicode char U+00E6 (decimal 230)
   defining Unicode char U+00EC (decimal 236)
   defining Unicode char U+00ED (decimal 237)
   defining Unicode char U+00EE (decimal 238)
   defining Unicode char U+00EF (decimal 239)
   defining Unicode char U+00F8 (decimal 248)
   defining Unicode char U+0131 (decimal 305)
   defining Unicode char U+0141 (decimal 321)
   defining Unicode char U+0142 (decimal 322)
   defining Unicode char U+0152 (decimal 338)
   defining Unicode char U+0153 (decimal 339)
   defining Unicode char U+2013 (decimal 8211)
   defining Unicode char U+2014 (decimal 8212)
   defining Unicode char U+2018 (decimal 8216)
   defining Unicode char U+2019 (decimal 8217)
   defining Unicode char U+201C (decimal 8220)
   defining Unicode char U+201D (decimal 8221)
)
Now handling font encoding OMS ...
... processing UTF-8 mapping file for font encoding OMS

(/usr/share/texlive/texmf-dist/tex/latex/base/omsenc.dfu
File: omsenc.dfu 2008/04/05 v1.1m UTF-8 support for inputenc
   defining Unicode char U+00A7 (decimal 167)
   defining Unicode char U+00B6 (decimal 182)
   defining Unicode char U+00B7 (decimal 183)
   defining Unicode char U+2020 (decimal 8224)
   defining Unicode char U+2021 (decimal 8225)
   defining Unicode char U+2022 (decimal 8226)
)
Now handling font encoding OMX ...
... no UTF-8 mapping file for font encoding OMX
Now handling font encoding U ...
... no UTF-8 mapping file for font encoding U
   defining Unicode char U+00A9 (decimal 169)
   defining Unicode char U+00AA (decimal 170)
   defining Unicode char U+00AE (decimal 174)
   defining Unicode char U+00BA (decimal 186)
   defining Unicode char U+02C6 (decimal 710)
   defining Unicode char U+02DC (decimal 732)
   defining Unicode char U+200C (decimal 8204)
   defining Unicode char U+2026 (decimal 8230)
   defining Unicode char U+2122 (decimal 8482)
   defining Unicode char U+2423 (decimal 9251)
))
(/usr/share/texlive/texmf-dist/tex/generic/babel/babel.sty
Package: babel 2013/12/03 3.9h The Babel package

(/usr/share/texlive/texmf-dist/tex/generic/babel-english/english.ldf
Language: english 2012/08/20 v3.3p English support from the babel system

(/usr/share/texlive/texmf-dist/tex/generic/babel/babel.def
File: babel.def 2013/12/03 3.9h Babel common definitions
\babel@savecnt=\count105
\U@D=\dimen124
)
\l@canadian = a dialect from \language\l@american 
\l@australian = a dialect from \language\l@british 
\l@newzealand = a dialect from \language\l@british 
))
(/usr/share/texlive/texmf-dist/tex/latex/algorithmicx/algpseudocode.sty
Package: algpseudocode 

(/usr/share/texlive/texmf-dist/tex/latex/base/ifthen.sty
Package: ifthen 2001/05/26 v1.1c Standard LaTeX ifthen package (DPC)
)
(/usr/share/texlive/texmf-dist/tex/latex/algorithmicx/algorithmicx.sty
Package: algorithmicx 2005/04/27 v1.2 Algorithmicx

Document Style algorithmicx 1.2 - a greatly improved `algorithmic' style
\c@ALG@line=\count106
\c@ALG@rem=\count107
\c@ALG@nested=\count108
\ALG@tlm=\skip46
\ALG@thistlm=\skip47
\c@ALG@Lnr=\count109
\c@ALG@blocknr=\count110
\c@ALG@storecount=\count111
\c@ALG@tmpcounter=\count112
\ALG@tmplength=\skip48
)
Document Style - pseudocode environments for use with the `algorithmicx' style
) (/usr/share/texlive/texmf-dist/tex/latex/amscls/amsthm.sty
Package: amsthm 2004/08/06 v2.20
\thm@style=\toks25
\thm@bodyfont=\toks26
\thm@headfont=\toks27
\thm@notefont=\toks28
\thm@headpunct=\toks29
\thm@preskip=\skip49
\thm@postskip=\skip50
\thm@headsep=\skip51
\dth@everypar=\toks30
)
(/usr/share/texlive/texmf-dist/tex/latex/mh/mathtools.sty
Package: mathtools 2013/02/12 v1.13 mathematical typesetting tools

(/usr/share/texlive/texmf-dist/tex/latex/tools/calc.sty
Package: calc 2007/08/22 v4.3 Infix arithmetic (KKT,FJ)
\calc@Acount=\count113
\calc@Bcount=\count114
\calc@Adimen=\dimen125
\calc@Bdimen=\dimen126
\calc@Askip=\skip52
\calc@Bskip=\skip53
LaTeX Info: Redefining \setlength on input line 76.
LaTeX Info: Redefining \addtolength on input line 77.
\calc@Ccount=\count115
\calc@Cskip=\skip54
)
(/usr/share/texlive/texmf-dist/tex/latex/mh/mhsetup.sty
Package: mhsetup 2010/01/21 v1.2a programming setup (MH)
)
LaTeX Info: Thecontrolsequence`\['isalreadyrobust on input line 129.
LaTeX Info: Thecontrolsequence`\]'isalreadyrobust on input line 129.
\g_MT_multlinerow_int=\count116
\l_MT_multwidth_dim=\dimen127
\origjot=\skip55
\l_MT_shortvdotswithinadjustabove_dim=\dimen128
\l_MT_shortvdotswithinadjustbelow_dim=\dimen129
\l_MT_above_intertext_sep=\dimen130
\l_MT_below_intertext_sep=\dimen131
\l_MT_above_shortintertext_sep=\dimen132
\l_MT_below_shortintertext_sep=\dimen133
)
(/usr/share/texlive/texmf-dist/tex/latex/oberdiek/epstopdf.sty
Package: epstopdf 2010/02/09 v2.5 Conversion with epstopdf on the fly (HO)

(/usr/share/texlive/texmf-dist/tex/latex/oberdiek/epstopdf-base.sty
Package: epstopdf-base 2010/02/09 v2.5 Base part for package epstopdf

(/usr/share/texlive/texmf-dist/tex/latex/oberdiek/grfext.sty
Package: grfext 2010/08/19 v1.1 Manage graphics extensions (HO)

(/usr/share/texlive/texmf-dist/tex/generic/oberdiek/kvdefinekeys.sty
Package: kvdefinekeys 2011/04/07 v1.3 Define keys (HO)
))
(/usr/share/texlive/texmf-dist/tex/latex/oberdiek/kvoptions.sty
Package: kvoptions 2011/06/30 v3.11 Key value format for package options (HO)

(/usr/share/texlive/texmf-dist/tex/generic/oberdiek/kvsetkeys.sty
Package: kvsetkeys 2012/04/25 v1.16 Key value parser (HO)

(/usr/share/texlive/texmf-dist/tex/generic/oberdiek/etexcmds.sty
Package: etexcmds 2011/02/16 v1.5 Avoid name clashes with e-TeX commands (HO)

(/usr/share/texlive/texmf-dist/tex/generic/oberdiek/ifluatex.sty
Package: ifluatex 2010/03/01 v1.3 Provides the ifluatex switch (HO)
Package ifluatex Info: LuaTeX not detected.
)
Package etexcmds Info: Could not find \expanded.
(etexcmds)             That can mean that you are not using pdfTeX 1.50 or
(etexcmds)             that some package has redefined \expanded.
(etexcmds)             In the latter case, load this package earlier.
)))
(/usr/share/texlive/texmf-dist/tex/generic/oberdiek/pdftexcmds.sty
Package: pdftexcmds 2011/11/29 v0.20 Utility functions of pdfTeX for LuaTeX (HO
)
Package pdftexcmds Info: LuaTeX not detected.
Package pdftexcmds Info: \pdf@primitive is available.
Package pdftexcmds Info: \pdf@ifprimitive is available.
Package pdftexcmds Info: \pdfdraftmode found.
)
Package grfext Info: Graphics extension search list:
(grfext)             [.png,.pdf,.jpg,.mps,.jpeg,.jbig2,.jb2,.PNG,.PDF,.JPG,.JPE
G,.JBIG2,.JB2,.eps]
(grfext)             \AppendGraphicsExtensions on input line 452.

(/usr/share/texlive/texmf-dist/tex/latex/latexconfig/epstopdf-sys.cfg
File: epstopdf-sys.cfg 2010/07/13 v1.3 Configuration of (r)epstopdf for TeX Liv
e
)))
\symmcy=\mathgroup6
\c@eqn=\count117
\c@thm=\count118
\c@defn=\count119
\c@theorem=\count120
\c@condition=\count121
)
(./main.aux

LaTeX Warning: Label `def:RIP' multiply defined.


LaTeX Warning: Label `program:enat' multiply defined.


LaTeX Warning: Label `minsamples' multiply defined.


LaTeX Warning: Label `l1l2' multiply defined.


LaTeX Warning: Label `CSequation' multiply defined.


LaTeX Warning: Label `laplacenormal' multiply defined.


LaTeX Warning: Label `bayesiancs' multiply defined.


LaTeX Warning: Label `widebandspectra' multiply defined.


LaTeX Warning: Label `minsamples' multiply defined.


LaTeX Warning: Label `RIP' multiply defined.


LaTeX Warning: Label `orthonormal' multiply defined.


LaTeX Warning: Label `mudef' multiply defined.


LaTeX Warning: Label `programl0' multiply defined.


LaTeX Warning: Label `l1l2' multiply defined.


LaTeX Warning: Label `l1l2' multiply defined.


LaTeX Warning: Label `CSequation' multiply defined.


LaTeX Warning: Label `laplacenormal' multiply defined.


LaTeX Warning: Label `bayesiancs' multiply defined.


LaTeX Warning: Label `bayesiancs' multiply defined.


LaTeX Warning: Label `constrainedbp' multiply defined.


LaTeX Warning: Label `msevssnr0' multiply defined.


LaTeX Warning: Label `fig:erroriterations' multiply defined.


LaTeX Warning: Label `fig:steps_splines' multiply defined.


LaTeX Warning: Label `sec:sensingmodel' multiply defined.


LaTeX Warning: Label `system' multiply defined.


LaTeX Warning: Label `sec:opt-on-graphs' multiply defined.


LaTeX Warning: Label `barxc' multiply defined.


LaTeX Warning: Label `constrainedbp' multiply defined.


LaTeX Warning: Label `compact-constraints' multiply defined.


LaTeX Warning: Label `constrainedbp1' multiply defined.


LaTeX Warning: Label `aug-lagrange' multiply defined.


LaTeX Warning: Label `generic-iterations' multiply defined.


LaTeX Warning: Label `dadmm_algo_lasso' multiply defined.


LaTeX Warning: Label `sec:results' multiply defined.


LaTeX Warning: Label `msevssnr0' multiply defined.


LaTeX Warning: Label `fig:differentLambda' multiply defined.


LaTeX Warning: Label `minsamples' multiply defined.


LaTeX Warning: Label `def:RIP' multiply defined.


LaTeX Warning: Label `def:d-stable' multiply defined.


LaTeX Warning: Label `sec:mtx-contruction' multiply defined.


LaTeX Warning: Label `cond:norm-pres' multiply defined.


LaTeX Warning: Label `cond:sub-Gauss' multiply defined.


LaTeX Warning: Label `cond:sub-Gauss concetration' multiply defined.


LaTeX Warning: Label `remark: exp AtA' multiply defined.


LaTeX Warning: Label `basis' multiply defined.


LaTeX Warning: Label `basis-expansion' multiply defined.


LaTeX Warning: Label `fig:hvb' multiply defined.


LaTeX Warning: Label `fig:hvb' multiply defined.


LaTeX Warning: Label `fig:hvb' multiply defined.


LaTeX Warning: Label `bayesiancs' multiply defined.

)
\openout1 = `main.aux'.

LaTeX Font Info:    Checking defaults for OML/cmm/m/it on input line 18.
LaTeX Font Info:    ... okay on input line 18.
LaTeX Font Info:    Checking defaults for T1/cmr/m/n on input line 18.
LaTeX Font Info:    ... okay on input line 18.
LaTeX Font Info:    Checking defaults for OT1/cmr/m/n on input line 18.
LaTeX Font Info:    ... okay on input line 18.
LaTeX Font Info:    Checking defaults for OMS/cmsy/m/n on input line 18.
LaTeX Font Info:    ... okay on input line 18.
LaTeX Font Info:    Checking defaults for OMX/cmex/m/n on input line 18.
LaTeX Font Info:    ... okay on input line 18.
LaTeX Font Info:    Checking defaults for U/cmr/m/n on input line 18.
LaTeX Font Info:    ... okay on input line 18.
 (/usr/share/texlive/texmf-dist/tex/context/base/supp-pdf.mkii
[Loading MPS to PDF converter (version 2006.09.02).]
\scratchcounter=\count122
\scratchdimen=\dimen134
\scratchbox=\box29
\nofMPsegments=\count123
\nofMParguments=\count124
\everyMPshowfont=\toks31
\MPscratchCnt=\count125
\MPscratchDim=\dimen135
\MPnumerator=\count126
\makeMPintoPDFobject=\count127
\everyMPtoPDFconversion=\toks32
)
*geometry* driver: auto-detecting
*geometry* detected driver: pdftex
*geometry* verbose mode - [ preamble ] result:
* driver: pdftex
* paper: <default>
* layout: <same size as paper>
* layoutoffset:(h,v)=(0.0pt,0.0pt)
* modes: twoside 
* h-part:(L,W,R)=(86.72377pt, 440.84746pt, 86.72377pt)
* v-part:(T,H,B)=(86.72377pt, 621.52245pt, 86.72377pt)
* \paperwidth=614.295pt
* \paperheight=794.96999pt
* \textwidth=440.84746pt
* \textheight=621.52245pt
* \oddsidemargin=14.45378pt
* \evensidemargin=14.45378pt
* \topmargin=-17.42001pt
* \headheight=12.0pt
* \headsep=19.8738pt
* \topskip=12.0pt
* \footskip=30.0pt
* \marginparwidth=98.0pt
* \marginparsep=7.0pt
* \columnsep=10.0pt
* \skip\footins=10.8pt plus 4.0pt minus 2.0pt
* \hoffset=0.0pt
* \voffset=0.0pt
* \mag=1000
* \@twocolumnfalse
* \@twosidetrue
* \@mparswitchtrue
* \@reversemarginfalse
* (1in=72.27pt=25.4mm, 1cm=28.453pt)

LaTeX Font Info:    Try loading font information for U+msa on input line 19.
(/usr/share/texlive/texmf-dist/tex/latex/amsfonts/umsa.fd
File: umsa.fd 2013/01/14 v3.01 AMS symbols A
)
LaTeX Font Info:    Try loading font information for U+msb on input line 19.

(/usr/share/texlive/texmf-dist/tex/latex/amsfonts/umsb.fd
File: umsb.fd 2013/01/14 v3.01 AMS symbols B
) [1


{/var/lib/texmf/fonts/map/pdftex/updmap/pdftex.map}] [2

] [3] [4

] [5] [6

] [7] [8

] [9] [10

]
(./main.toc [11] [12])
\tf@toc=\write3
\openout3 = `main.toc'.

 [13] [14

]
Chapter 1.
(./chapters/introduction.tex [15] [16] [17]
Overfull \hbox (3.62015pt too wide) in paragraph at lines 35--36
[]\OT1/cmr/m/n/12 An al-ter-na-tive sens-ing strat-egy is com-pres-sive sam-pli
ng (CS). This is a new paradigm
 []

) [18]
Chapter 2.
(./chapters/compressivesensing.tex [19

]

LaTeX Warning: Citation `watkincandes' on page 20 undefined on input line 18.

<images/compressive_sensing_example.jpg, id=67, 583.42969pt x 219.82124pt>
File: images/compressive_sensing_example.jpg Graphic file (type jpg)

<use images/compressive_sensing_example.jpg>
Package pdftex.def Info: images/compressive_sensing_example.jpg used on input l
ine 49.
(pdftex.def)             Requested size: 440.85617pt x 199.1756pt.


LaTeX Warning: `h' float specifier changed to `ht'.

[20]

LaTeX Warning: Citation `shalev2014understanding' on page 21 undefined on input
 line 88.

[21 <./images/compressive_sensing_example.jpg>] [22]
LaTeX Font Info:    Try loading font information for OMS+cmr on input line 144.


(/usr/share/texlive/texmf-dist/tex/latex/base/omscmr.fd
File: omscmr.fd 1999/05/25 v2.5h Standard LaTeX font definitions
)
LaTeX Font Info:    Font shape `OMS/cmr/m/n' in size <12> not available
(Font)              Font shape `OMS/cmsy/m/n' tried instead on input line 144.
 [23] [24]

LaTeX Warning: Citation `tibshirani1996regression' on page 25 undefined on inpu
t line 262.

[25]

LaTeX Warning: Citation `hastie2005elements' on page 26 undefined on input line
 271.

<images/l1l2.jpg, id=96, 552.56438pt x 383.18156pt>
File: images/l1l2.jpg Graphic file (type jpg)
 <use images/l1l2.jpg>
Package pdftex.def Info: images/l1l2.jpg used on input line 310.
(pdftex.def)             Requested size: 287.21709pt x 199.16928pt.


LaTeX Warning: `h' float specifier changed to `ht'.

[26] [27 <./images/l1l2.jpg>]

LaTeX Warning: Citation `bickel2009simultaneous' on page 28 undefined on input 
line 349.


Overfull \hbox (5.61319pt too wide) in paragraph at lines 354--355
[]\OT1/cmr/m/n/12 Broadly re-con-struc-tion al-go-rithms fall into three classe
s: convex-optimisations/linear
 []

[28] [29] [30]
<images/LaplaceandNormalDensity.png, id=115, 295.85532pt x 244.66406pt>
File: images/LaplaceandNormalDensity.png Graphic file (type png)

<use images/LaplaceandNormalDensity.png>
Package pdftex.def Info: images/LaplaceandNormalDensity.png used on input line 
464.
(pdftex.def)             Requested size: 240.84682pt x 199.16928pt.
 [31 <./images/LaplaceandNormalDensity.png>] <images/bayesiancs.png, id=120, 46
0.72125pt x 255.20343pt>
File: images/bayesiancs.png Graphic file (type png)

<use images/bayesiancs.png>
Package pdftex.def Info: images/bayesiancs.png used on input line 491.
(pdftex.def)             Requested size: 359.57906pt x 199.16928pt.

Underfull \vbox (badness 3049) has occurred while \output is active []

 [32 <./images/bayesiancs.png>]
<images/Modulated_wideband_converter.jpg, id=124, 524.1984pt x 479.8728pt>
File: images/Modulated_wideband_converter.jpg Graphic file (type jpg)

<use images/Modulated_wideband_converter.jpg>
Package pdftex.def Info: images/Modulated_wideband_converter.jpg used on input 
line 515.
(pdftex.def)             Requested size: 226.88866pt x 207.7052pt.
 [33 <./images/Modulated_wideband_converter.jpg>] [34]) [35] [36

]
Chapter 3.
(./chapters/chapter1.tex [37]
<images/uk-spectrum-allocation-chart1-640x445.jpg, id=141, 642.4pt x 446.66875p
t>
File: images/uk-spectrum-allocation-chart1-640x445.jpg Graphic file (type jpg)
 <use images/uk-spectrum-allocation-chart1-640x445.jpg>
Package pdftex.def Info: images/uk-spectrum-allocation-chart1-640x445.jpg used 
on input line 18.
(pdftex.def)             Requested size: 286.45033pt x 199.16928pt.


LaTeX Warning: Citation `Strategy2013' on page 38 undefined on input line 19.

[38 <./images/uk-spectrum-allocation-chart1-640x445.jpg>]
<images/cr2.jpg, id=145, 431.36156pt x 182.18062pt>
File: images/cr2.jpg Graphic file (type jpg)
 <use images/cr2.jpg>
Package pdftex.def Info: images/cr2.jpg used on input line 31.
(pdftex.def)             Requested size: 220.41931pt x 199.17615pt.

[39 <./images/cr2.jpg>] [40] [41] [42] [43] [44] [45] [46]
<images/bands.png, id=171, 554.07pt x 271.0125pt>
File: images/bands.png Graphic file (type png)
 <use images/bands.png>
Package pdftex.def Info: images/bands.png used on input line 277.
(pdftex.def)             Requested size: 407.20697pt x 199.16928pt.


LaTeX Warning: `h' float specifier changed to `ht'.


Underfull \vbox (badness 5091) has occurred while \output is active []

 [47]
[48 <./images/bands.png>]
<images/singlepixel.png, id=178, 540.51938pt x 435.12563pt>
File: images/singlepixel.png Graphic file (type png)

<use images/singlepixel.png>
Package pdftex.def Info: images/singlepixel.png used on input line 317.
(pdftex.def)             Requested size: 247.41302pt x 199.16928pt.


LaTeX Warning: `h' float specifier changed to `ht'.

[49] [50 <./images/singlepixel.png>] [51]

Package amsmath Warning: Foreign command \atopwithdelims;
(amsmath)                \frac or \genfrac should be used instead
(amsmath)                 on input line 412.

File: images/l1l2.jpg Graphic file (type jpg)
<use images/l1l2.jpg>
Package pdftex.def Info: images/l1l2.jpg used on input line 418.
(pdftex.def)             Requested size: 287.21709pt x 199.16928pt.


LaTeX Warning: `h' float specifier changed to `ht'.

[52] [53] [54]
File: images/LaplaceandNormalDensity.png Graphic file (type png)
 <use images/LaplaceandNormalDensity.png>
Package pdftex.def Info: images/LaplaceandNormalDensity.png used on input line 
498.
(pdftex.def)             Requested size: 240.84682pt x 199.16928pt.
 [55]
File: images/bayesiancs.png Graphic file (type png)

<use images/bayesiancs.png>
Package pdftex.def Info: images/bayesiancs.png used on input line 525.
(pdftex.def)             Requested size: 359.57906pt x 199.16928pt.
) [56]
Chapter 4.
(./chapters/reportFINAL2.tex [57

]
File: images/bands.png Graphic file (type png)
 <use images/bands.png>
Package pdftex.def Info: images/bands.png used on input line 28.
(pdftex.def)             Requested size: 407.20697pt x 199.16928pt.


LaTeX Warning: `h' float specifier changed to `ht'.

[58] [59] [60] [61] [62]
File: images/compressive_sensing_example.jpg Graphic file (type jpg)
 <use images/compressive_sensing_example.jpg>
Package pdftex.def Info: images/compressive_sensing_example.jpg used on input l
ine 178.
(pdftex.def)             Requested size: 440.85617pt x 199.1756pt.
 [63]
File: images/l1l2.jpg Graphic file (type jpg)

<use images/l1l2.jpg>
Package pdftex.def Info: images/l1l2.jpg used on input line 193.
(pdftex.def)             Requested size: 287.21709pt x 199.16928pt.
 [64]
File: images/LaplaceandNormalDensity.png Graphic file (type png)
 <use images/LaplaceandNormalDensity.png>
Package pdftex.def Info: images/LaplaceandNormalDensity.png used on input line 
236.
(pdftex.def)             Requested size: 240.84682pt x 199.16928pt.
 [65]
File: images/bayesiancs.png Graphic file (type png)

<use images/bayesiancs.png>
Package pdftex.def Info: images/bayesiancs.png used on input line 263.
(pdftex.def)             Requested size: 359.57906pt x 199.16928pt.
 [66]
<images/mwc.png, id=236, 864.22874pt x 325.96782pt>
File: images/mwc.png Graphic file (type png)
 <use images/mwc.png>
Package pdftex.def Info: images/mwc.png used on input line 292.
(pdftex.def)             Requested size: 440.84314pt x 199.17331pt.

[67 <./images/mwc.png>]

LaTeX Warning: Command \textunderscore invalid in math mode on input line 308.


LaTeX Warning: Command \textunderscore invalid in math mode on input line 311.


LaTeX Warning: Citation `Aldrouobi' on page 68 undefined on input line 314.

<images/GTvsCS.png, id=241, 553.31718pt x 406.51875pt>
File: images/GTvsCS.png Graphic file (type png)
 <use images/GTvsCS.png>
Package pdftex.def Info: images/GTvsCS.png used on input line 318.
(pdftex.def)             Requested size: 271.08557pt x 199.16928pt.


LaTeX Warning: `h' float specifier changed to `ht'.

) [68] [69 <./images/GTvsCS.png>] [70

]
Chapter 5.
(./chapters/report2015.tex [71]
Overfull \hbox (0.37852pt too wide) in paragraph at lines 43--44
[]\OT1/cmr/m/n/12 One such al-go-rithm is the al-ter-nat-ing di-rec-tion method
 of mul-ti-pli-ers [[]], (ADMM).
 []

[72] [73] [74] [75]
LaTeX Font Info:    Font shape `OMS/cmr/m/it' in size <12> not available
(Font)              Font shape `OMS/cmsy/m/n' tried instead on input line 262.
 [76] [77] [78] [79] [80] [81] [82]
<images/network-ex-incidence-mat.jpg, id=292, 221.1462pt x 132.9768pt>
File: images/network-ex-incidence-mat.jpg Graphic file (type jpg)

<use images/network-ex-incidence-mat.jpg>
Package pdftex.def Info: images/network-ex-incidence-mat.jpg used on input line
 564.
(pdftex.def)             Requested size: 236.60384pt x 142.26378pt.

<images/ex-incidencematrix1.png, id=293, 397.485pt x 130.4875pt>
File: images/ex-incidencematrix1.png Graphic file (type png)

<use images/ex-incidencematrix1.png>
Package pdftex.def Info: images/ex-incidencematrix1.png used on input line 571.

(pdftex.def)             Requested size: 199.17262pt x 85.35942pt.
 [83 <./images/network-ex-incidence-mat.jpg> <./images/ex-incidencematrix1.png>
] [84]
Underfull \hbox (badness 10000) in paragraph at lines 657--659

 []

[85] [86]

LaTeX Warning: Reference `erroriterations' on page 87 undefined on input line 7
32.

<images/ebn0bbvsmse10ppnoH1logs.jpg, id=308, 562.1pt x 421.575pt>
File: images/ebn0bbvsmse10ppnoH1logs.jpg Graphic file (type jpg)

<use images/ebn0bbvsmse10ppnoH1logs.jpg>
Package pdftex.def Info: images/ebn0bbvsmse10ppnoH1logs.jpg used on input line 
736.
(pdftex.def)             Requested size: 276.94095pt x 207.7052pt.


LaTeX Warning: `h' float specifier changed to `ht'.

<images/ebn0bbvsmse100ppwithH.jpg, id=309, 563.10374pt x 421.575pt>
File: images/ebn0bbvsmse100ppwithH.jpg Graphic file (type jpg)

<use images/ebn0bbvsmse100ppwithH.jpg>
Package pdftex.def Info: images/ebn0bbvsmse100ppwithH.jpg used on input line 74
3.
(pdftex.def)             Requested size: 277.43549pt x 207.7052pt.


LaTeX Warning: `h' float specifier changed to `ht'.

<images/different_lambda.jpg, id=310, 562.1pt x 421.575pt>
File: images/different_lambda.jpg Graphic file (type jpg)

<use images/different_lambda.jpg>
Package pdftex.def Info: images/different_lambda.jpg used on input line 750.
(pdftex.def)             Requested size: 276.94095pt x 207.7052pt.


LaTeX Warning: `h' float specifier changed to `ht'.

<images/mse_iterations.jpg, id=311, 562.1pt x 421.575pt>
File: images/mse_iterations.jpg Graphic file (type jpg)

<use images/mse_iterations.jpg>
Package pdftex.def Info: images/mse_iterations.jpg used on input line 757.
(pdftex.def)             Requested size: 276.94095pt x 207.7052pt.


LaTeX Warning: `h' float specifier changed to `ht'.

<images/recon_spline.jpg, id=312, 562.1pt x 421.575pt>
File: images/recon_spline.jpg Graphic file (type jpg)

<use images/recon_spline.jpg>
Package pdftex.def Info: images/recon_spline.jpg used on input line 764.
(pdftex.def)             Requested size: 276.94095pt x 207.7052pt.


LaTeX Warning: `h' float specifier changed to `ht'.

<images/steps.jpg, id=313, 562.1pt x 421.575pt>
File: images/steps.jpg Graphic file (type jpg)
 <use images/steps.jpg>
Package pdftex.def Info: images/steps.jpg used on input line 771.
(pdftex.def)             Requested size: 276.94095pt x 207.7052pt.


LaTeX Warning: `h' float specifier changed to `ht'.

<images/recon170815.jpg, id=314, 562.1pt x 421.575pt>
File: images/recon170815.jpg Graphic file (type jpg)

<use images/recon170815.jpg>
Package pdftex.def Info: images/recon170815.jpg used on input line 778.
(pdftex.def)             Requested size: 276.94095pt x 207.7052pt.


LaTeX Warning: `h' float specifier changed to `ht'.

<images/recon_new_bar.jpg, id=315, 562.1pt x 421.575pt>
File: images/recon_new_bar.jpg Graphic file (type jpg)

<use images/recon_new_bar.jpg>
Package pdftex.def Info: images/recon_new_bar.jpg used on input line 785.
(pdftex.def)             Requested size: 276.94095pt x 207.7052pt.


LaTeX Warning: `h' float specifier changed to `ht'.

<images/recon_difference.jpg, id=316, 562.1pt x 421.575pt>
File: images/recon_difference.jpg Graphic file (type jpg)

<use images/recon_difference.jpg>
Package pdftex.def Info: images/recon_difference.jpg used on input line 792.
(pdftex.def)             Requested size: 276.94095pt x 207.7052pt.


LaTeX Warning: `h' float specifier changed to `ht'.

<images/steps_difference.jpg, id=317, 562.1pt x 421.575pt>
File: images/steps_difference.jpg Graphic file (type jpg)

<use images/steps_difference.jpg>
Package pdftex.def Info: images/steps_difference.jpg used on input line 799.
(pdftex.def)             Requested size: 276.94095pt x 207.7052pt.


LaTeX Warning: `h' float specifier changed to `ht'.

<images/steps_splines.jpg, id=318, 562.1pt x 421.575pt>
File: images/steps_splines.jpg Graphic file (type jpg)

<use images/steps_splines.jpg>
Package pdftex.def Info: images/steps_splines.jpg used on input line 806.
(pdftex.def)             Requested size: 276.94095pt x 207.7052pt.


LaTeX Warning: `h' float specifier changed to `ht'.

<images/normalvsaccel.jpg, id=319, 562.1pt x 421.575pt>
File: images/normalvsaccel.jpg Graphic file (type jpg)

<use images/normalvsaccel.jpg>
Package pdftex.def Info: images/normalvsaccel.jpg used on input line 813.
(pdftex.def)             Requested size: 276.94095pt x 207.7052pt.


LaTeX Warning: `h' float specifier changed to `ht'.


Underfull \vbox (badness 2435) has occurred while \output is active []

 [87])
[88 <./images/ebn0bbvsmse10ppnoH1logs.jpg>] [89 <./images/ebn0bbvsmse100ppwithH
.jpg> <./images/different_lambda.jpg>] [90 <./images/mse_iterations.jpg> <./ima
ges/recon_spline.jpg>] [91 <./images/steps.jpg> <./images/recon170815.jpg>]
[92 <./images/recon_new_bar.jpg> <./images/recon_difference.jpg>] [93 <./images
/steps_difference.jpg> <./images/steps_splines.jpg>] [94 <./images/normalvsacce
l.jpg>]
Chapter 6.
(./chapters/cswirelesspaper_new_basis.tex [95

]
Underfull \vbox (badness 10000) has occurred while \output is active []

 [96]
[97] [98] [99] [100] [101] [102] [103] [104]
<images/signal_and_recovery.jpg, id=378, 562.1pt x 421.575pt>
File: images/signal_and_recovery.jpg Graphic file (type jpg)

<use images/signal_and_recovery.jpg>
Package pdftex.def Info: images/signal_and_recovery.jpg used on input line 342.

(pdftex.def)             Requested size: 276.94095pt x 207.7052pt.

<images/Cent_Vs_Distrib_snr.jpg, id=379, 562.1pt x 421.575pt>
File: images/Cent_Vs_Distrib_snr.jpg Graphic file (type jpg)

<use images/Cent_Vs_Distrib_snr.jpg>
Package pdftex.def Info: images/Cent_Vs_Distrib_snr.jpg used on input line 349.

(pdftex.def)             Requested size: 276.94095pt x 207.7052pt.


LaTeX Warning: `h' float specifier changed to `ht'.

<images/continuations_errors.jpg, id=380, 562.1pt x 421.575pt>
File: images/continuations_errors.jpg Graphic file (type jpg)

<use images/continuations_errors.jpg>
Package pdftex.def Info: images/continuations_errors.jpg used on input line 356
.
(pdftex.def)             Requested size: 276.94095pt x 207.7052pt.


LaTeX Warning: `h' float specifier changed to `ht'.

[105 <./images/signal_and_recovery.jpg>]) [106 <./images/Cent_Vs_Distrib_snr.jp
g>] [107 <./images/continuations_errors.jpg>] [108

]
Chapter 7.
(./chapters/compressive_filtering_3.tex [109] [110] [111] [112] [113] [114]
[115] [116]
Underfull \hbox (badness 10000) in paragraph at lines 372--376

 []

[117] <images/1spike_legend.jpg, id=423, 562.1pt x 421.575pt>
File: images/1spike_legend.jpg Graphic file (type jpg)

<use images/1spike_legend.jpg>
Package pdftex.def Info: images/1spike_legend.jpg used on input line 428.
(pdftex.def)             Requested size: 276.94095pt x 207.7052pt.


LaTeX Warning: `h' float specifier changed to `ht'.

<images/g.jpg, id=424, 562.1pt x 421.575pt>
File: images/g.jpg Graphic file (type jpg)
 <use images/g.jpg>
Package pdftex.def Info: images/g.jpg used on input line 439.
(pdftex.def)             Requested size: 276.94095pt x 207.7052pt.


LaTeX Warning: `h' float specifier changed to `ht'.

[118] [119 <./images/1spike_legend.jpg>]
<images/hhat.jpg, id=431, 562.1pt x 421.575pt>
File: images/hhat.jpg Graphic file (type jpg)
 <use images/hhat.jpg>
Package pdftex.def Info: images/hhat.jpg used on input line 494.
(pdftex.def)             Requested size: 276.94095pt x 207.7052pt.


LaTeX Warning: `h' float specifier changed to `ht'.

<images/ofcom_classification1.jpg, id=432, 562.1pt x 421.575pt>
File: images/ofcom_classification1.jpg Graphic file (type jpg)

<use images/ofcom_classification1.jpg>
Package pdftex.def Info: images/ofcom_classification1.jpg used on input line 51
3.
(pdftex.def)             Requested size: 276.94095pt x 207.7052pt.


LaTeX Warning: `h' float specifier changed to `ht'.

<images/ofcom_classification.jpg, id=433, 562.1pt x 421.575pt>
File: images/ofcom_classification.jpg Graphic file (type jpg)

<use images/ofcom_classification.jpg>
Package pdftex.def Info: images/ofcom_classification.jpg used on input line 520
.
(pdftex.def)             Requested size: 276.94095pt x 207.7052pt.


LaTeX Warning: `h' float specifier changed to `ht'.

<images/roc_minus_10.jpg, id=434, 562.1pt x 421.575pt>
File: images/roc_minus_10.jpg Graphic file (type jpg)

<use images/roc_minus_10.jpg>
Package pdftex.def Info: images/roc_minus_10.jpg used on input line 527.
(pdftex.def)             Requested size: 276.94095pt x 207.7052pt.


LaTeX Warning: `h' float specifier changed to `ht'.

Package epstopdf Info: Source file: <images/roc_minus_18.eps>
(epstopdf)                    date: 2016-02-26 16:31:09
(epstopdf)                    size: 8875 bytes
(epstopdf)             Output file: <images/roc_minus_18-eps-converted-to.pdf>
(epstopdf)                    date: 2016-03-15 14:35:38
(epstopdf)                    size: 7191 bytes
(epstopdf)             Command: <repstopdf --outfile=images/roc_minus_18-eps-co
nverted-to.pdf images/roc_minus_18.eps>
(epstopdf)             \includegraphics on input line 534.
Package epstopdf Info: Output file is already uptodate.
<images/roc_minus_18-eps-converted-to.pdf, id=435, 449.68pt x 338.26375pt>
File: images/roc_minus_18-eps-converted-to.pdf Graphic file (type pdf)

<use images/roc_minus_18-eps-converted-to.pdf>
Package pdftex.def Info: images/roc_minus_18-eps-converted-to.pdf used on input
 line 534.
(pdftex.def)             Requested size: 276.12271pt x 207.7052pt.


LaTeX Warning: `h' float specifier changed to `ht'.

) [120 <./images/g.jpg>] [121 <./images/hhat.jpg> <./images/ofcom_classificatio
n1.jpg>] [122 <./images/ofcom_classification.jpg> <./images/roc_minus_10.jpg>]
[123 <./images/roc_minus_18-eps-converted-to.pdf>] [124

]
Chapter 8.
(./chapters/root.tex [125] [126]
<images/GTFat.png, id=464, 459.21562pt x 351.56343pt>
File: images/GTFat.png Graphic file (type png)
 <use images/GTFat.png>
Package pdftex.def Info: images/GTFat.png used on input line 47.
(pdftex.def)             Requested size: 260.151pt x 199.16928pt.

[127 <./images/GTFat.png>] [128] [129] [130] [131] [132] [133] [134] [135]
[136] [137] [138] [139] [140]
Overfull \hbox (12.54729pt too wide) in paragraph at lines 579--582
\OT1/cmr/bx/n/12 Theorem 8.3.9. \OT1/cmr/m/it/12 Write $\OML/cmm/m/it/12 L \OT1
/cmr/m/n/12 = [][] \OML/cmm/m/it/12 l[]p[]\OT1/cmr/m/n/12 (1 \OMS/cmsy/m/n/12 ^
^@ \OML/cmm/m/it/12 p[]\OT1/cmr/m/n/12 )$\OT1/cmr/m/it/12 , $\OML/cmm/m/it/12 M
 \OT1/cmr/m/n/12 = \OMS/cmsy/m/n/12 ^^@ [][] \OML/cmm/m/it/12 ^^R \OT1/cmr/m/n/
12 + 1$ \OT1/cmr/m/it/12 and $\OML/cmm/m/it/12   \OT1/cmr/m/n/12 = (\OML/cmm/m/
it/12 L=\OT1/cmr/m/n/12 (4\OML/cmm/m/it/12 M[]\OT1/cmr/m/n/12 ))[]$\OT1/cmr/m/i
t/12 .
 []

[141]
Overfull \hbox (6.60405pt too wide) in paragraph at lines 646--648
[]\OT1/cmr/m/n/12 In the case where all $\OML/cmm/m/it/12 p$ \OT1/cmr/m/n/12 ar
e iden-ti-cal, $\OML/cmm/m/it/12 ^^V \OT1/cmr/m/n/12 = \OML/cmm/m/it/12 Np$\OT1
/cmr/m/n/12 , $\OML/cmm/m/it/12 H \OT1/cmr/m/n/12 = \OML/cmm/m/it/12 Np\OT1/cmr
/m/n/12 (\OMS/cmsy/m/n/12 ^^@ [] \OML/cmm/m/it/12 p\OT1/cmr/m/n/12 )$,
 []

[142] <images/ubvslb.png, id=516, 586.8324pt x 442.2924pt>
File: images/ubvslb.png Graphic file (type png)

<use images/ubvslb.png>
Package pdftex.def Info: images/ubvslb.png used on input line 669.
(pdftex.def)             Requested size: 220.42372pt x 166.1292pt.

<images/variousalpha.png, id=517, 586.8324pt x 442.2924pt>
File: images/variousalpha.png Graphic file (type png)

<use images/variousalpha.png>
Package pdftex.def Info: images/variousalpha.png used on input line 678.
(pdftex.def)             Requested size: 220.42372pt x 166.1292pt.


LaTeX Warning: `h' float specifier changed to `ht'.

<images/nicegraphlaminar.png, id=518, 586.8324pt x 442.2924pt>
File: images/nicegraphlaminar.png Graphic file (type png)

<use images/nicegraphlaminar.png>
Package pdftex.def Info: images/nicegraphlaminar.png used on input line 685.
(pdftex.def)             Requested size: 220.42372pt x 166.1292pt.


LaTeX Warning: `h' float specifier changed to `ht'.


Underfull \vbox (badness 10000) has occurred while \output is active []

 [143 <./images/ubvslb.png>] [144 <./images/variousalpha.png> <./images/nicegra
phlaminar.png>]) (./main.bbl [145] [146

] [147] [148] [149] [150]
Underfull \hbox (badness 1888) in paragraph at lines 296--299
[]\OT1/cmr/m/n/12 Mohamed Ghozzi, Fran-cois Marx, Mis-cha Dohler, and Jacques P
al-i-cot.
 []

[151] [152] [153] [154] [155]) [156] (./main.aux)

LaTeX Warning: There were undefined references.


LaTeX Warning: There were multiply-defined labels.

 ) 
Here is how much of TeX's memory you used:
 5351 strings out of 493308
 75616 string characters out of 6140091
 151956 words of memory out of 5000000
 8620 multiletter control sequences out of 15000+600000
 18847 words of font info for 68 fonts, out of 8000000 for 9000
 957 hyphenation exceptions out of 8191
 44i,12n,32p,1302b,296s stack positions out of 5000i,500n,10000p,200000b,80000s
</usr/share/texlive/texmf-dist/fonts/type1/public/amsfonts/cm/cmbx12.pfb></us
r/share/texlive/texmf-dist/fonts/type1/public/amsfonts/cm/cmbx8.pfb></usr/share
/texlive/texmf-dist/fonts/type1/public/amsfonts/cm/cmcsc10.pfb></usr/share/texl
ive/texmf-dist/fonts/type1/public/amsfonts/cm/cmex10.pfb></usr/share/texlive/te
xmf-dist/fonts/type1/public/amsfonts/cm/cmmi12.pfb></usr/share/texlive/texmf-di
st/fonts/type1/public/amsfonts/cm/cmmi6.pfb></usr/share/texlive/texmf-dist/font
s/type1/public/amsfonts/cm/cmmi8.pfb></usr/share/texlive/texmf-dist/fonts/type1
/public/amsfonts/cm/cmr10.pfb></usr/share/texlive/texmf-dist/fonts/type1/public
/amsfonts/cm/cmr12.pfb></usr/share/texlive/texmf-dist/fonts/type1/public/amsfon
ts/cm/cmr17.pfb></usr/share/texlive/texmf-dist/fonts/type1/public/amsfonts/cm/c
mr6.pfb></usr/share/texlive/texmf-dist/fonts/type1/public/amsfonts/cm/cmr8.pfb>
</usr/share/texlive/texmf-dist/fonts/type1/public/amsfonts/cm/cmsl12.pfb></usr/
share/texlive/texmf-dist/fonts/type1/public/amsfonts/cm/cmsy10.pfb></usr/share/
texlive/texmf-dist/fonts/type1/public/amsfonts/cm/cmsy6.pfb></usr/share/texlive
/texmf-dist/fonts/type1/public/amsfonts/cm/cmsy8.pfb></usr/share/texlive/texmf-
dist/fonts/type1/public/amsfonts/cm/cmti12.pfb></usr/share/texlive/texmf-dist/f
onts/type1/public/amsfonts/symbols/msam10.pfb></usr/share/texlive/texmf-dist/fo
nts/type1/public/amsfonts/symbols/msbm10.pfb></usr/share/texlive/texmf-dist/fon
ts/type1/public/amsfonts/cyrillic/wncyr10.pfb>
Output written on main.pdf (156 pages, 1748167 bytes).
PDF statistics:
 633 PDF objects out of 1000 (max. 8388607)
 0 named destinations out of 1000 (max. 500000)
 196 words of extra memory for PDF output out of 10000 (max. 10000000)

