This is pdfTeX, Version 3.1415926-2.5-1.40.14 (TeX Live 2013/Debian) (format=pdflatex 2015.10.14)  9 FEB 2016 14:45
entering extended mode
 restricted \write18 enabled.
 %&-line parsing enabled.
**intro.tex
(./intro.tex
LaTeX2e <2011/06/27>
Babel <3.9h> and hyphenation patterns for 78 languages loaded.
(/usr/share/texlive/texmf-dist/tex/latex/base/article.cls
Document Class: article 2007/10/19 v1.4h Standard LaTeX document class
(/usr/share/texlive/texmf-dist/tex/latex/base/size10.clo
File: size10.clo 2007/10/19 v1.4h Standard LaTeX file (size option)
)
\c@part=\count79
\c@section=\count80
\c@subsection=\count81
\c@subsubsection=\count82
\c@paragraph=\count83
\c@subparagraph=\count84
\c@figure=\count85
\c@table=\count86
\abovecaptionskip=\skip41
\belowcaptionskip=\skip42
\bibindent=\dimen102
) (./intro.aux)
\openout1 = `intro.aux'.

LaTeX Font Info:    Checking defaults for OML/cmm/m/it on input line 3.
LaTeX Font Info:    ... okay on input line 3.
LaTeX Font Info:    Checking defaults for T1/cmr/m/n on input line 3.
LaTeX Font Info:    ... okay on input line 3.
LaTeX Font Info:    Checking defaults for OT1/cmr/m/n on input line 3.
LaTeX Font Info:    ... okay on input line 3.
LaTeX Font Info:    Checking defaults for OMS/cmsy/m/n on input line 3.
LaTeX Font Info:    ... okay on input line 3.
LaTeX Font Info:    Checking defaults for OMX/cmex/m/n on input line 3.
LaTeX Font Info:    ... okay on input line 3.
LaTeX Font Info:    Checking defaults for U/cmr/m/n on input line 3.
LaTeX Font Info:    ... okay on input line 3.


LaTeX Warning: Citation `Dahlman2014' on page 1 undefined on input line 9.

Missing character: There is no Â in font cmr10!
Missing character: There is no £ in font cmr10!

LaTeX Warning: Citation `Ukmobil' on page 1 undefined on input line 25.

Missing character: There is no Â in font cmr10!
Missing character: There is no £ in font cmr10!

LaTeX Warning: Citation `Ukmobi' on page 1 undefined on input line 25.

[1

{/var/lib/texmf/fonts/map/pdftex/updmap/pdftex.map}]

LaTeX Warning: Reference `frequtil' on page 2 undefined on input line 31.


LaTeX Warning: Citation `akan2009cognitive' on page 2 undefined on input line 3
7.


LaTeX Warning: Citation `stevenson2009ieee' on page 2 undefined on input line 3
9.

[2]

LaTeX Warning: Citation `Candes2006' on page 3 undefined on input line 44.


LaTeX Warning: Citation `Donoho2006' on page 3 undefined on input line 44.


LaTeX Warning: Citation `Donoho' on page 3 undefined on input line 46.

[3]

LaTeX Warning: Citation `Candes2006' on page 4 undefined on input line 86.


LaTeX Warning: Citation `mishali2010theory' on page 4 undefined on input line 8
6.


LaTeX Warning: Citation `tropp2010beyond' on page 4 undefined on input line 86.


[4] [5] (./intro.aux)

LaTeX Warning: There were undefined references.

 ) 
Here is how much of TeX's memory you used:
 222 strings out of 493308
 2392 string characters out of 6140091
 56880 words of memory out of 5000000
 3763 multiletter control sequences out of 15000+600000
 4899 words of font info for 18 fonts, out of 8000000 for 9000
 957 hyphenation exceptions out of 8191
 23i,5n,21p,1004b,107s stack positions out of 5000i,500n,10000p,200000b,80000s
</usr/share/texlive/texmf-dist/fonts/type1/public/amsfonts/cm/cmbx10.pfb></us
r/share/texlive/texmf-dist/fonts/type1/public/amsfonts/cm/cmbx12.pfb></usr/shar
e/texlive/texmf-dist/fonts/type1/public/amsfonts/cm/cmr10.pfb></usr/share/texli
ve/texmf-dist/fonts/type1/public/amsfonts/cm/cmti10.pfb>
Output written on intro.pdf (5 pages, 66603 bytes).
PDF statistics:
 34 PDF objects out of 1000 (max. 8388607)
 0 named destinations out of 1000 (max. 500000)
 1 words of extra memory for PDF output out of 10000 (max. 10000000)

